<?xml version="1.0" encoding="utf-8"?><testsuites name="pytest tests"><testsuite name="pytest" errors="0" failures="0" skipped="0" tests="18" time="6.390" timestamp="2026-01-24T15:47:12.390469+00:00" hostname="agent-env-8fe828f5-d0d6-4b7a-b7b2-731fb47f400c"><testcase classname="backend.tests.test_admin_promo_codes.TestAdminPromoCodesAuth" name="test_login_admin_returns_admin_role" time="0.368" /><testcase classname="backend.tests.test_admin_promo_codes.TestAdminPromoCodesAuth" name="test_listar_promo_requires_auth" time="0.043" /><testcase classname="backend.tests.test_admin_promo_codes.TestAdminPromoCodesListar" name="test_listar_promo_returns_200" time="0.306" /><testcase classname="backend.tests.test_admin_promo_codes.TestAdminPromoCodesListar" name="test_listar_promo_returns_array" time="0.305" /><testcase classname="backend.tests.test_admin_promo_codes.TestAdminPromoCodesListar" name="test_listar_promo_code_structure" time="0.303" /><testcase classname="backend.tests.test_admin_promo_codes.TestAdminPromoCodesCrear" name="test_crear_promo_requires_auth" time="0.047" /><testcase classname="backend.tests.test_admin_promo_codes.TestAdminPromoCodesCrear" name="test_crear_promo_porcentaje_success" time="0.795" /><testcase classname="backend.tests.test_admin_promo_codes.TestAdminPromoCodesCrear" name="test_crear_promo_fijo_success" time="0.652" /><testcase classname="backend.tests.test_admin_promo_codes.TestAdminPromoCodesCrear" name="test_crear_promo_requires_discount" time="0.298" /><testcase classname="backend.tests.test_admin_promo_codes.TestAdminPromoCodesCrear" name="test_crear_promo_duplicate_code" time="0.720" /><testcase classname="backend.tests.test_admin_promo_codes.TestAdminPromoCodesToggle" name="test_toggle_promo_requires_auth" time="0.036" /><testcase classname="backend.tests.test_admin_promo_codes.TestAdminPromoCodesToggle" name="test_toggle_promo_deactivate" time="0.700" /><testcase classname="backend.tests.test_admin_promo_codes.TestAdminPromoCodesToggle" name="test_toggle_promo_not_found" time="0.338" /><testcase classname="backend.tests.test_admin_promo_codes.TestAdminPromoCodesDelete" name="test_delete_promo_requires_auth" time="0.038" /><testcase classname="backend.tests.test_admin_promo_codes.TestAdminPromoCodesDelete" name="test_delete_promo_success" time="0.716" /><testcase classname="backend.tests.test_admin_promo_codes.TestAdminPromoCodesDelete" name="test_delete_promo_not_found" time="0.308" /><testcase classname="backend.tests.test_admin_promo_codes.TestPromoCodeValidation" name="test_validar_promo_requires_auth" time="0.040" /><testcase classname="backend.tests.test_admin_promo_codes.TestPromoCodeValidation" name="test_validar_promo_invalid_code" time="0.331" /></testsuite></testsuites>