<?xml version="1.0" encoding="utf-8"?><testsuites name="pytest tests"><testsuite name="pytest" errors="0" failures="0" skipped="0" tests="12" time="3.937" timestamp="2026-01-23T16:14:54.292203+00:00" hostname="agent-env-282703f6-023f-4617-ae41-795714036ebe"><testcase classname="tests.test_auth.TestHealthCheck" name="test_health_endpoint" time="0.075" /><testcase classname="tests.test_auth.TestAuthRegistration" name="test_registro_nuevo_usuario" time="0.320" /><testcase classname="tests.test_auth.TestAuthRegistration" name="test_registro_email_duplicado" time="0.307" /><testcase classname="tests.test_auth.TestAuthLogin" name="test_login_credenciales_validas" time="0.530" /><testcase classname="tests.test_auth.TestAuthLogin" name="test_login_credenciales_invalidas_email" time="0.303" /><testcase classname="tests.test_auth.TestAuthLogin" name="test_login_credenciales_invalidas_password" time="0.526" /><testcase classname="tests.test_auth.TestAuthMe" name="test_me_endpoint_authenticated" time="0.312" /><testcase classname="tests.test_auth.TestAuthMe" name="test_me_endpoint_unauthenticated" time="0.295" /><testcase classname="tests.test_auth.TestAuthMe" name="test_me_endpoint_invalid_token" time="0.303" /><testcase classname="tests.test_auth.TestCotizacionesEstadisticas" name="test_estadisticas_plan_gratis" time="0.299" /><testcase classname="tests.test_auth.TestCotizacionesEstadisticas" name="test_estadisticas_unauthenticated" time="0.293" /><testcase classname="tests.test_auth.TestExistingTestUser" name="test_login_with_provided_credentials" time="0.336" /></testsuite></testsuites>