<?xml version="1.0" encoding="utf-8"?><testsuites name="pytest tests"><testsuite name="pytest" errors="0" failures="0" skipped="0" tests="27" time="1.814" timestamp="2026-01-23T22:37:55.972051+00:00" hostname="agent-env-8e1b16ae-6475-45ef-8890-8aec38e7865d"><testcase classname="tests.test_portal_empresa_twilio.TestPortalCliente" name="test_portal_cotizacion_invalid_token" time="0.065" /><testcase classname="tests.test_portal_empresa_twilio.TestPortalCliente" name="test_portal_cotizacion_pdf_invalid_token" time="0.011" /><testcase classname="tests.test_portal_empresa_twilio.TestPortalCliente" name="test_portal_cliente_invalid_token" time="0.048" /><testcase classname="tests.test_portal_empresa_twilio.TestPortalCliente" name="test_generar_enlace_cotizacion_requires_params" time="0.010" /><testcase classname="tests.test_portal_empresa_twilio.TestPortalCliente" name="test_generar_enlace_cotizacion_not_found" time="0.011" /><testcase classname="tests.test_portal_empresa_twilio.TestPortalCliente" name="test_generar_enlace_cliente_not_found" time="0.049" /><testcase classname="tests.test_portal_empresa_twilio.TestEmpresaCatalogos" name="test_get_regimenes_fiscales" time="0.049" /><testcase classname="tests.test_portal_empresa_twilio.TestEmpresaCatalogos" name="test_get_usos_cfdi" time="0.009" /><testcase classname="tests.test_portal_empresa_twilio.TestEmpresaPerfil" name="test_get_perfil_requires_auth" time="0.048" /><testcase classname="tests.test_portal_empresa_twilio.TestEmpresaPerfil" name="test_get_perfil_authenticated" time="0.313" /><testcase classname="tests.test_portal_empresa_twilio.TestEmpresaPerfil" name="test_get_datos_fiscales_authenticated" time="0.050" /><testcase classname="tests.test_portal_empresa_twilio.TestEmpresaPerfil" name="test_update_datos_fiscales" time="0.022" /><testcase classname="tests.test_portal_empresa_twilio.TestSolicitarFactura" name="test_solicitar_factura_requires_auth" time="0.007" /><testcase classname="tests.test_portal_empresa_twilio.TestSolicitarFactura" name="test_solicitar_factura_with_existing_data" time="0.546" /><testcase classname="tests.test_portal_empresa_twilio.TestSolicitarFactura" name="test_solicitar_factura_with_fiscal_data" time="0.193" /><testcase classname="tests.test_portal_empresa_twilio.TestSolicitarFactura" name="test_listar_solicitudes_factura" time="0.010" /><testcase classname="tests.test_portal_empresa_twilio.TestTwilioCiudades" name="test_listar_ciudades_requires_auth" time="0.048" /><testcase classname="tests.test_portal_empresa_twilio.TestTwilioCiudades" name="test_listar_ciudades_authenticated" time="0.007" /><testcase classname="tests.test_portal_empresa_twilio.TestTwilioNumeros" name="test_mi_numero_requires_auth" time="0.014" /><testcase classname="tests.test_portal_empresa_twilio.TestTwilioNumeros" name="test_mi_numero_authenticated" time="0.008" /><testcase classname="tests.test_portal_empresa_twilio.TestTwilioNumeros" name="test_estado_configuracion_requires_auth" time="0.050" /><testcase classname="tests.test_portal_empresa_twilio.TestTwilioNumeros" name="test_estado_configuracion_authenticated" time="0.008" /><testcase classname="tests.test_portal_empresa_twilio.TestTwilioNumeros" name="test_buscar_numeros_requires_plan_completo" time="0.008" /><testcase classname="tests.test_portal_empresa_twilio.TestTwilioNumeros" name="test_configurar_whatsapp_requires_numero" time="0.049" /><testcase classname="tests.test_portal_empresa_twilio.TestIntegration" name="test_full_portal_flow_simulation" time="0.015" /><testcase classname="tests.test_portal_empresa_twilio.TestIntegration" name="test_empresa_factura_flow" time="0.074" /><testcase classname="tests.test_portal_empresa_twilio.TestIntegration" name="test_twilio_config_flow" time="0.064" /></testsuite></testsuites>