<?xml version="1.0" encoding="utf-8"?><testsuites name="pytest tests"><testsuite name="pytest" errors="0" failures="0" skipped="0" tests="10" time="3.383" timestamp="2026-01-23T17:38:55.053053+00:00" hostname="agent-env-282703f6-023f-4617-ae41-795714036ebe"><testcase classname="backend.tests.test_pagos.TestPagosPlanes" name="test_get_planes_returns_200" time="0.080" /><testcase classname="backend.tests.test_pagos.TestPagosPlanes" name="test_get_planes_returns_plan_completo" time="0.223" /><testcase classname="backend.tests.test_pagos.TestPagosMiSuscripcion" name="test_mi_suscripcion_requires_auth" time="0.039" /><testcase classname="backend.tests.test_pagos.TestPagosMiSuscripcion" name="test_mi_suscripcion_returns_subscription_info" time="0.333" /><testcase classname="backend.tests.test_pagos.TestPagosCrearCheckout" name="test_crear_checkout_requires_auth" time="0.042" /><testcase classname="backend.tests.test_pagos.TestPagosCrearCheckout" name="test_crear_checkout_returns_stripe_url" time="0.866" /><testcase classname="backend.tests.test_pagos.TestPagosCrearCheckout" name="test_crear_checkout_invalid_plan" time="0.345" /><testcase classname="backend.tests.test_pagos.TestPagosCheckoutStatus" name="test_checkout_status_requires_auth" time="0.038" /><testcase classname="backend.tests.test_pagos.TestPagosCheckoutStatus" name="test_checkout_status_returns_pending" time="1.083" /><testcase classname="backend.tests.test_pagos.TestPagosCheckoutStatus" name="test_checkout_status_invalid_session" time="0.300" /></testsuite></testsuites>