<?xml version="1.0" encoding="utf-8"?><testsuites name="pytest tests"><testsuite name="pytest" errors="0" failures="11" skipped="0" tests="27" time="1.219" timestamp="2026-01-23T22:34:02.038438+00:00" hostname="agent-env-8e1b16ae-6475-45ef-8890-8aec38e7865d"><testcase classname="tests.test_portal_empresa_twilio.TestPortalCliente" name="test_portal_cotizacion_invalid_token" time="0.061" /><testcase classname="tests.test_portal_empresa_twilio.TestPortalCliente" name="test_portal_cotizacion_pdf_invalid_token" time="0.009" /><testcase classname="tests.test_portal_empresa_twilio.TestPortalCliente" name="test_portal_cliente_invalid_token" time="0.048" /><testcase classname="tests.test_portal_empresa_twilio.TestPortalCliente" name="test_generar_enlace_cotizacion_requires_params" time="0.051" /><testcase classname="tests.test_portal_empresa_twilio.TestPortalCliente" name="test_generar_enlace_cotizacion_not_found" time="0.010" /><testcase classname="tests.test_portal_empresa_twilio.TestPortalCliente" name="test_generar_enlace_cliente_not_found" time="0.050" /><testcase classname="tests.test_portal_empresa_twilio.TestEmpresaCatalogos" name="test_get_regimenes_fiscales" time="0.006" /><testcase classname="tests.test_portal_empresa_twilio.TestEmpresaCatalogos" name="test_get_usos_cfdi" time="0.006" /><testcase classname="tests.test_portal_empresa_twilio.TestEmpresaPerfil" name="test_get_perfil_requires_auth" time="0.008" /><testcase classname="tests.test_portal_empresa_twilio.TestEmpresaPerfil" name="test_get_perfil_authenticated" time="0.382"><failure message="assert 401 == 200&#10; +  where 401 = &lt;Response [401]&gt;.status_code">tests/test_portal_empresa_twilio.py:175: in test_get_perfil_authenticated
    assert response.status_code == 200
E   assert 401 == 200
E    +  where 401 = &lt;Response [401]&gt;.status_code</failure></testcase><testcase classname="tests.test_portal_empresa_twilio.TestEmpresaPerfil" name="test_get_datos_fiscales_authenticated" time="0.046"><failure message="assert 401 == 200&#10; +  where 401 = &lt;Response [401]&gt;.status_code">tests/test_portal_empresa_twilio.py:187: in test_get_datos_fiscales_authenticated
    assert response.status_code == 200
E   assert 401 == 200
E    +  where 401 = &lt;Response [401]&gt;.status_code</failure></testcase><testcase classname="tests.test_portal_empresa_twilio.TestEmpresaPerfil" name="test_update_datos_fiscales" time="0.006"><failure message="assert 401 == 200&#10; +  where 401 = &lt;Response [401]&gt;.status_code">tests/test_portal_empresa_twilio.py:208: in test_update_datos_fiscales
    assert response.status_code == 200
E   assert 401 == 200
E    +  where 401 = &lt;Response [401]&gt;.status_code</failure></testcase><testcase classname="tests.test_portal_empresa_twilio.TestSolicitarFactura" name="test_solicitar_factura_requires_auth" time="0.005" /><testcase classname="tests.test_portal_empresa_twilio.TestSolicitarFactura" name="test_solicitar_factura_missing_fiscal_data" time="0.052"><failure message="assert 401 == 400&#10; +  where 401 = &lt;Response [401]&gt;.status_code">tests/test_portal_empresa_twilio.py:249: in test_solicitar_factura_missing_fiscal_data
    assert response.status_code == 400
E   assert 401 == 400
E    +  where 401 = &lt;Response [401]&gt;.status_code</failure></testcase><testcase classname="tests.test_portal_empresa_twilio.TestSolicitarFactura" name="test_solicitar_factura_with_fiscal_data" time="0.006"><failure message="assert 401 == 200&#10; +  where 401 = &lt;Response [401]&gt;.status_code">tests/test_portal_empresa_twilio.py:270: in test_solicitar_factura_with_fiscal_data
    assert update_response.status_code == 200
E   assert 401 == 200
E    +  where 401 = &lt;Response [401]&gt;.status_code</failure></testcase><testcase classname="tests.test_portal_empresa_twilio.TestSolicitarFactura" name="test_listar_solicitudes_factura" time="0.048"><failure message="assert 401 == 200&#10; +  where 401 = &lt;Response [401]&gt;.status_code">tests/test_portal_empresa_twilio.py:296: in test_listar_solicitudes_factura
    assert response.status_code == 200
E   assert 401 == 200
E    +  where 401 = &lt;Response [401]&gt;.status_code</failure></testcase><testcase classname="tests.test_portal_empresa_twilio.TestTwilioCiudades" name="test_listar_ciudades_requires_auth" time="0.006" /><testcase classname="tests.test_portal_empresa_twilio.TestTwilioCiudades" name="test_listar_ciudades_authenticated" time="0.006"><failure message="assert 401 == 200&#10; +  where 401 = &lt;Response [401]&gt;.status_code">tests/test_portal_empresa_twilio.py:322: in test_listar_ciudades_authenticated
    assert response.status_code == 200
E   assert 401 == 200
E    +  where 401 = &lt;Response [401]&gt;.status_code</failure></testcase><testcase classname="tests.test_portal_empresa_twilio.TestTwilioNumeros" name="test_mi_numero_requires_auth" time="0.046" /><testcase classname="tests.test_portal_empresa_twilio.TestTwilioNumeros" name="test_mi_numero_authenticated" time="0.007"><failure message="assert 401 == 200&#10; +  where 401 = &lt;Response [401]&gt;.status_code">tests/test_portal_empresa_twilio.py:358: in test_mi_numero_authenticated
    assert response.status_code == 200
E   assert 401 == 200
E    +  where 401 = &lt;Response [401]&gt;.status_code</failure></testcase><testcase classname="tests.test_portal_empresa_twilio.TestTwilioNumeros" name="test_estado_configuracion_requires_auth" time="0.009" /><testcase classname="tests.test_portal_empresa_twilio.TestTwilioNumeros" name="test_estado_configuracion_authenticated" time="0.047"><failure message="assert 401 == 200&#10; +  where 401 = &lt;Response [401]&gt;.status_code">tests/test_portal_empresa_twilio.py:385: in test_estado_configuracion_authenticated
    assert response.status_code == 200
E   assert 401 == 200
E    +  where 401 = &lt;Response [401]&gt;.status_code</failure></testcase><testcase classname="tests.test_portal_empresa_twilio.TestTwilioNumeros" name="test_buscar_numeros_requires_plan_completo" time="0.008" /><testcase classname="tests.test_portal_empresa_twilio.TestTwilioNumeros" name="test_configurar_whatsapp_requires_numero" time="0.006" /><testcase classname="tests.test_portal_empresa_twilio.TestIntegration" name="test_full_portal_flow_simulation" time="0.054" /><testcase classname="tests.test_portal_empresa_twilio.TestIntegration" name="test_empresa_factura_flow" time="0.100"><failure message="assert 401 == 200&#10; +  where 401 = &lt;Response [401]&gt;.status_code">tests/test_portal_empresa_twilio.py:469: in test_empresa_factura_flow
    assert fiscal.status_code == 200
E   assert 401 == 200
E    +  where 401 = &lt;Response [401]&gt;.status_code</failure></testcase><testcase classname="tests.test_portal_empresa_twilio.TestIntegration" name="test_twilio_config_flow" time="0.006"><failure message="assert 401 == 200&#10; +  where 401 = &lt;Response [401]&gt;.status_code">tests/test_portal_empresa_twilio.py:481: in test_twilio_config_flow
    assert ciudades.status_code == 200
E   assert 401 == 200
E    +  where 401 = &lt;Response [401]&gt;.status_code</failure></testcase></testsuite></testsuites>